18:45:44.939 ,ip=                 ,s=                                 ,x=                               ,l=INFO  ,u=             ,c=EducationApplicationTests      ,f=logStarting          ,t=main            ,m=Starting EducationApplicationTests using Java 11.0.18 on XuanSang with PID 11088 (started by nguye in C:\Users\nguye\Desktop\code\backup\DoAn\BE_MONO\education) ,cf=com.sang.nv.education.EducationApplicationTests 
18:45:45.014 ,ip=                 ,s=                                 ,x=                               ,l=DEBUG ,u=             ,c=logging                        ,f=logProvider          ,t=kground-preinit ,m=Logging Provider: org.jboss.logging.Log4j2LoggerProvider                         ,cf=org.jboss.logging 
18:45:44.984 ,ip=                 ,s=                                 ,x=                               ,l=DEBUG ,u=             ,c=EducationApplicationTests      ,f=logStarting          ,t=main            ,m=Running with Spring Boot v2.7.4, Spring v5.3.23                                  ,cf=com.sang.nv.education.EducationApplicationTests 
18:45:45.015 ,ip=                 ,s=                                 ,x=                               ,l=INFO  ,u=             ,c=EducationApplicationTests      ,f=ogStartupProfileInfo ,t=main            ,m=The following 1 profile is active: "dev"                                         ,cf=com.sang.nv.education.EducationApplicationTests 
18:46:03.868 ,ip=                 ,s=                                 ,x=                               ,l=DEBUG ,u=             ,c=Driver                         ,f=oadDefaultProperties ,t=main            ,m=Loading driver configuration via classloader jdk.internal.loader.ClassLoaders$AppClassLoader@ab69b52 ,cf=org.postgresql.Driver 
18:46:03.868 ,ip=                 ,s=                                 ,x=                               ,l=DEBUG ,u=             ,c=Driver                         ,f=connect              ,t=main            ,m=Connecting with URL: jdbc:postgresql://localhost:5432/postgres                   ,cf=org.postgresql.Driver 
18:46:03.892 ,ip=                 ,s=                                 ,x=                               ,l=DEBUG ,u=             ,c=PgConnection                   ,f=<init>               ,t=main            ,m=PostgreSQL JDBC Driver 42.3.7                                                    ,cf=org.postgresql.jdbc.PgConnection 
18:46:03.892 ,ip=                 ,s=                                 ,x=                               ,l=DEBUG ,u=             ,c=PgConnection                   ,f=setDefaultFetchSize  ,t=main            ,m=  setDefaultFetchSize = 0                                                        ,cf=org.postgresql.jdbc.PgConnection 
18:46:03.899 ,ip=                 ,s=                                 ,x=                               ,l=DEBUG ,u=             ,c=PgConnection                   ,f=setPrepareThreshold  ,t=main            ,m=  setPrepareThreshold = 5                                                        ,cf=org.postgresql.jdbc.PgConnection 
18:46:03.912 ,ip=                 ,s=                                 ,x=                               ,l=DEBUG ,u=             ,c=ConnectionFactoryImpl          ,f=openConnectionImpl   ,t=main            ,m=Trying to establish a protocol version 3 connection to localhost:5432            ,cf=org.postgresql.core.v3.ConnectionFactoryImpl 
18:46:03.962 ,ip=                 ,s=                                 ,x=                               ,l=DEBUG ,u=             ,c=ConnectionFactoryImpl          ,f=tryConnect           ,t=main            ,m=Receive Buffer Size is 65,536                                                    ,cf=org.postgresql.core.v3.ConnectionFactoryImpl 
18:46:03.962 ,ip=                 ,s=                                 ,x=                               ,l=DEBUG ,u=             ,c=ConnectionFactoryImpl          ,f=tryConnect           ,t=main            ,m=Send Buffer Size is 65,536                                                       ,cf=org.postgresql.core.v3.ConnectionFactoryImpl 
18:46:04.494 ,ip=                 ,s=                                 ,x=                               ,l=DEBUG ,u=             ,c=Driver                         ,f=connect              ,t=onnection adder ,m=Connecting with URL: jdbc:postgresql://localhost:5432/postgres                   ,cf=org.postgresql.Driver 
18:46:04.496 ,ip=                 ,s=                                 ,x=                               ,l=DEBUG ,u=             ,c=PgConnection                   ,f=<init>               ,t=onnection adder ,m=PostgreSQL JDBC Driver 42.3.7                                                    ,cf=org.postgresql.jdbc.PgConnection 
18:46:04.496 ,ip=                 ,s=                                 ,x=                               ,l=DEBUG ,u=             ,c=PgConnection                   ,f=setDefaultFetchSize  ,t=onnection adder ,m=  setDefaultFetchSize = 0                                                        ,cf=org.postgresql.jdbc.PgConnection 
18:46:04.497 ,ip=                 ,s=                                 ,x=                               ,l=DEBUG ,u=             ,c=PgConnection                   ,f=setPrepareThreshold  ,t=onnection adder ,m=  setPrepareThreshold = 5                                                        ,cf=org.postgresql.jdbc.PgConnection 
18:46:04.498 ,ip=                 ,s=                                 ,x=                               ,l=DEBUG ,u=             ,c=ConnectionFactoryImpl          ,f=openConnectionImpl   ,t=onnection adder ,m=Trying to establish a protocol version 3 connection to localhost:5432            ,cf=org.postgresql.core.v3.ConnectionFactoryImpl 
18:46:04.502 ,ip=                 ,s=                                 ,x=                               ,l=DEBUG ,u=             ,c=ConnectionFactoryImpl          ,f=tryConnect           ,t=onnection adder ,m=Receive Buffer Size is 65,536                                                    ,cf=org.postgresql.core.v3.ConnectionFactoryImpl 
18:46:04.513 ,ip=                 ,s=                                 ,x=                               ,l=DEBUG ,u=             ,c=ConnectionFactoryImpl          ,f=tryConnect           ,t=onnection adder ,m=Send Buffer Size is 65,536                                                       ,cf=org.postgresql.core.v3.ConnectionFactoryImpl 
18:46:04.591 ,ip=                 ,s=                                 ,x=                               ,l=DEBUG ,u=             ,c=Driver                         ,f=connect              ,t=onnection adder ,m=Connecting with URL: jdbc:postgresql://localhost:5432/postgres                   ,cf=org.postgresql.Driver 
18:46:04.593 ,ip=                 ,s=                                 ,x=                               ,l=DEBUG ,u=             ,c=PgConnection                   ,f=<init>               ,t=onnection adder ,m=PostgreSQL JDBC Driver 42.3.7                                                    ,cf=org.postgresql.jdbc.PgConnection 
18:46:04.595 ,ip=                 ,s=                                 ,x=                               ,l=DEBUG ,u=             ,c=PgConnection                   ,f=setDefaultFetchSize  ,t=onnection adder ,m=  setDefaultFetchSize = 0                                                        ,cf=org.postgresql.jdbc.PgConnection 
18:46:04.596 ,ip=                 ,s=                                 ,x=                               ,l=DEBUG ,u=             ,c=PgConnection                   ,f=setPrepareThreshold  ,t=onnection adder ,m=  setPrepareThreshold = 5                                                        ,cf=org.postgresql.jdbc.PgConnection 
18:46:04.597 ,ip=                 ,s=                                 ,x=                               ,l=DEBUG ,u=             ,c=ConnectionFactoryImpl          ,f=openConnectionImpl   ,t=onnection adder ,m=Trying to establish a protocol version 3 connection to localhost:5432            ,cf=org.postgresql.core.v3.ConnectionFactoryImpl 
18:46:04.602 ,ip=                 ,s=                                 ,x=                               ,l=DEBUG ,u=             ,c=ConnectionFactoryImpl          ,f=tryConnect           ,t=onnection adder ,m=Receive Buffer Size is 65,536                                                    ,cf=org.postgresql.core.v3.ConnectionFactoryImpl 
18:46:04.603 ,ip=                 ,s=                                 ,x=                               ,l=DEBUG ,u=             ,c=ConnectionFactoryImpl          ,f=tryConnect           ,t=onnection adder ,m=Send Buffer Size is 65,536                                                       ,cf=org.postgresql.core.v3.ConnectionFactoryImpl 
18:46:04.730 ,ip=                 ,s=                                 ,x=                               ,l=DEBUG ,u=             ,c=Driver                         ,f=connect              ,t=onnection adder ,m=Connecting with URL: jdbc:postgresql://localhost:5432/postgres                   ,cf=org.postgresql.Driver 
18:46:04.733 ,ip=                 ,s=                                 ,x=                               ,l=DEBUG ,u=             ,c=PgConnection                   ,f=<init>               ,t=onnection adder ,m=PostgreSQL JDBC Driver 42.3.7                                                    ,cf=org.postgresql.jdbc.PgConnection 
18:46:04.733 ,ip=                 ,s=                                 ,x=                               ,l=DEBUG ,u=             ,c=PgConnection                   ,f=setDefaultFetchSize  ,t=onnection adder ,m=  setDefaultFetchSize = 0                                                        ,cf=org.postgresql.jdbc.PgConnection 
18:46:04.734 ,ip=                 ,s=                                 ,x=                               ,l=DEBUG ,u=             ,c=PgConnection                   ,f=setPrepareThreshold  ,t=onnection adder ,m=  setPrepareThreshold = 5                                                        ,cf=org.postgresql.jdbc.PgConnection 
18:46:04.735 ,ip=                 ,s=                                 ,x=                               ,l=DEBUG ,u=             ,c=ConnectionFactoryImpl          ,f=openConnectionImpl   ,t=onnection adder ,m=Trying to establish a protocol version 3 connection to localhost:5432            ,cf=org.postgresql.core.v3.ConnectionFactoryImpl 
18:46:04.736 ,ip=                 ,s=                                 ,x=                               ,l=DEBUG ,u=             ,c=ConnectionFactoryImpl          ,f=tryConnect           ,t=onnection adder ,m=Receive Buffer Size is 65,536                                                    ,cf=org.postgresql.core.v3.ConnectionFactoryImpl 
18:46:04.736 ,ip=                 ,s=                                 ,x=                               ,l=DEBUG ,u=             ,c=ConnectionFactoryImpl          ,f=tryConnect           ,t=onnection adder ,m=Send Buffer Size is 65,536                                                       ,cf=org.postgresql.core.v3.ConnectionFactoryImpl 
18:46:04.867 ,ip=                 ,s=                                 ,x=                               ,l=DEBUG ,u=             ,c=Driver                         ,f=connect              ,t=onnection adder ,m=Connecting with URL: jdbc:postgresql://localhost:5432/postgres                   ,cf=org.postgresql.Driver 
18:46:04.868 ,ip=                 ,s=                                 ,x=                               ,l=DEBUG ,u=             ,c=PgConnection                   ,f=<init>               ,t=onnection adder ,m=PostgreSQL JDBC Driver 42.3.7                                                    ,cf=org.postgresql.jdbc.PgConnection 
18:46:04.869 ,ip=                 ,s=                                 ,x=                               ,l=DEBUG ,u=             ,c=PgConnection                   ,f=setDefaultFetchSize  ,t=onnection adder ,m=  setDefaultFetchSize = 0                                                        ,cf=org.postgresql.jdbc.PgConnection 
18:46:04.870 ,ip=                 ,s=                                 ,x=                               ,l=DEBUG ,u=             ,c=PgConnection                   ,f=setPrepareThreshold  ,t=onnection adder ,m=  setPrepareThreshold = 5                                                        ,cf=org.postgresql.jdbc.PgConnection 
18:46:04.870 ,ip=                 ,s=                                 ,x=                               ,l=DEBUG ,u=             ,c=ConnectionFactoryImpl          ,f=openConnectionImpl   ,t=onnection adder ,m=Trying to establish a protocol version 3 connection to localhost:5432            ,cf=org.postgresql.core.v3.ConnectionFactoryImpl 
18:46:04.870 ,ip=                 ,s=                                 ,x=                               ,l=DEBUG ,u=             ,c=ConnectionFactoryImpl          ,f=tryConnect           ,t=onnection adder ,m=Receive Buffer Size is 65,536                                                    ,cf=org.postgresql.core.v3.ConnectionFactoryImpl 
18:46:04.873 ,ip=                 ,s=                                 ,x=                               ,l=DEBUG ,u=             ,c=ConnectionFactoryImpl          ,f=tryConnect           ,t=onnection adder ,m=Send Buffer Size is 65,536                                                       ,cf=org.postgresql.core.v3.ConnectionFactoryImpl 
18:46:05.294 ,ip=                 ,s=                                 ,x=                               ,l=DEBUG ,u=             ,c=Driver                         ,f=connect              ,t=onnection adder ,m=Connecting with URL: jdbc:postgresql://localhost:5432/postgres                   ,cf=org.postgresql.Driver 
18:46:05.302 ,ip=                 ,s=                                 ,x=                               ,l=DEBUG ,u=             ,c=PgConnection                   ,f=<init>               ,t=onnection adder ,m=PostgreSQL JDBC Driver 42.3.7                                                    ,cf=org.postgresql.jdbc.PgConnection 
18:46:05.302 ,ip=                 ,s=                                 ,x=                               ,l=DEBUG ,u=             ,c=PgConnection                   ,f=setDefaultFetchSize  ,t=onnection adder ,m=  setDefaultFetchSize = 0                                                        ,cf=org.postgresql.jdbc.PgConnection 
18:46:05.309 ,ip=                 ,s=                                 ,x=                               ,l=DEBUG ,u=             ,c=PgConnection                   ,f=setPrepareThreshold  ,t=onnection adder ,m=  setPrepareThreshold = 5                                                        ,cf=org.postgresql.jdbc.PgConnection 
18:46:05.309 ,ip=                 ,s=                                 ,x=                               ,l=DEBUG ,u=             ,c=ConnectionFactoryImpl          ,f=openConnectionImpl   ,t=onnection adder ,m=Trying to establish a protocol version 3 connection to localhost:5432            ,cf=org.postgresql.core.v3.ConnectionFactoryImpl 
18:46:05.319 ,ip=                 ,s=                                 ,x=                               ,l=DEBUG ,u=             ,c=ConnectionFactoryImpl          ,f=tryConnect           ,t=onnection adder ,m=Receive Buffer Size is 65,536                                                    ,cf=org.postgresql.core.v3.ConnectionFactoryImpl 
18:46:05.333 ,ip=                 ,s=                                 ,x=                               ,l=DEBUG ,u=             ,c=ConnectionFactoryImpl          ,f=tryConnect           ,t=onnection adder ,m=Send Buffer Size is 65,536                                                       ,cf=org.postgresql.core.v3.ConnectionFactoryImpl 
18:46:05.534 ,ip=                 ,s=                                 ,x=                               ,l=DEBUG ,u=             ,c=Driver                         ,f=connect              ,t=onnection adder ,m=Connecting with URL: jdbc:postgresql://localhost:5432/postgres                   ,cf=org.postgresql.Driver 
18:46:05.534 ,ip=                 ,s=                                 ,x=                               ,l=DEBUG ,u=             ,c=PgConnection                   ,f=<init>               ,t=onnection adder ,m=PostgreSQL JDBC Driver 42.3.7                                                    ,cf=org.postgresql.jdbc.PgConnection 
18:46:05.534 ,ip=                 ,s=                                 ,x=                               ,l=DEBUG ,u=             ,c=PgConnection                   ,f=setDefaultFetchSize  ,t=onnection adder ,m=  setDefaultFetchSize = 0                                                        ,cf=org.postgresql.jdbc.PgConnection 
18:46:05.534 ,ip=                 ,s=                                 ,x=                               ,l=DEBUG ,u=             ,c=PgConnection                   ,f=setPrepareThreshold  ,t=onnection adder ,m=  setPrepareThreshold = 5                                                        ,cf=org.postgresql.jdbc.PgConnection 
18:46:05.534 ,ip=                 ,s=                                 ,x=                               ,l=DEBUG ,u=             ,c=ConnectionFactoryImpl          ,f=openConnectionImpl   ,t=onnection adder ,m=Trying to establish a protocol version 3 connection to localhost:5432            ,cf=org.postgresql.core.v3.ConnectionFactoryImpl 
18:46:05.539 ,ip=                 ,s=                                 ,x=                               ,l=DEBUG ,u=             ,c=ConnectionFactoryImpl          ,f=tryConnect           ,t=onnection adder ,m=Receive Buffer Size is 65,536                                                    ,cf=org.postgresql.core.v3.ConnectionFactoryImpl 
18:46:05.544 ,ip=                 ,s=                                 ,x=                               ,l=DEBUG ,u=             ,c=ConnectionFactoryImpl          ,f=tryConnect           ,t=onnection adder ,m=Send Buffer Size is 65,536                                                       ,cf=org.postgresql.core.v3.ConnectionFactoryImpl 
18:46:05.722 ,ip=                 ,s=                                 ,x=                               ,l=DEBUG ,u=             ,c=Driver                         ,f=connect              ,t=onnection adder ,m=Connecting with URL: jdbc:postgresql://localhost:5432/postgres                   ,cf=org.postgresql.Driver 
18:46:05.722 ,ip=                 ,s=                                 ,x=                               ,l=DEBUG ,u=             ,c=PgConnection                   ,f=<init>               ,t=onnection adder ,m=PostgreSQL JDBC Driver 42.3.7                                                    ,cf=org.postgresql.jdbc.PgConnection 
18:46:05.722 ,ip=                 ,s=                                 ,x=                               ,l=DEBUG ,u=             ,c=PgConnection                   ,f=setDefaultFetchSize  ,t=onnection adder ,m=  setDefaultFetchSize = 0                                                        ,cf=org.postgresql.jdbc.PgConnection 
18:46:05.729 ,ip=                 ,s=                                 ,x=                               ,l=DEBUG ,u=             ,c=PgConnection                   ,f=setPrepareThreshold  ,t=onnection adder ,m=  setPrepareThreshold = 5                                                        ,cf=org.postgresql.jdbc.PgConnection 
18:46:05.731 ,ip=                 ,s=                                 ,x=                               ,l=DEBUG ,u=             ,c=ConnectionFactoryImpl          ,f=openConnectionImpl   ,t=onnection adder ,m=Trying to establish a protocol version 3 connection to localhost:5432            ,cf=org.postgresql.core.v3.ConnectionFactoryImpl 
18:46:05.733 ,ip=                 ,s=                                 ,x=                               ,l=DEBUG ,u=             ,c=ConnectionFactoryImpl          ,f=tryConnect           ,t=onnection adder ,m=Receive Buffer Size is 65,536                                                    ,cf=org.postgresql.core.v3.ConnectionFactoryImpl 
18:46:05.754 ,ip=                 ,s=                                 ,x=                               ,l=DEBUG ,u=             ,c=ConnectionFactoryImpl          ,f=tryConnect           ,t=onnection adder ,m=Send Buffer Size is 65,536                                                       ,cf=org.postgresql.core.v3.ConnectionFactoryImpl 
18:46:05.853 ,ip=                 ,s=                                 ,x=                               ,l=DEBUG ,u=             ,c=Driver                         ,f=connect              ,t=onnection adder ,m=Connecting with URL: jdbc:postgresql://localhost:5432/postgres                   ,cf=org.postgresql.Driver 
18:46:05.853 ,ip=                 ,s=                                 ,x=                               ,l=DEBUG ,u=             ,c=PgConnection                   ,f=<init>               ,t=onnection adder ,m=PostgreSQL JDBC Driver 42.3.7                                                    ,cf=org.postgresql.jdbc.PgConnection 
18:46:05.855 ,ip=                 ,s=                                 ,x=                               ,l=DEBUG ,u=             ,c=PgConnection                   ,f=setDefaultFetchSize  ,t=onnection adder ,m=  setDefaultFetchSize = 0                                                        ,cf=org.postgresql.jdbc.PgConnection 
18:46:05.855 ,ip=                 ,s=                                 ,x=                               ,l=DEBUG ,u=             ,c=PgConnection                   ,f=setPrepareThreshold  ,t=onnection adder ,m=  setPrepareThreshold = 5                                                        ,cf=org.postgresql.jdbc.PgConnection 
18:46:05.857 ,ip=                 ,s=                                 ,x=                               ,l=DEBUG ,u=             ,c=ConnectionFactoryImpl          ,f=openConnectionImpl   ,t=onnection adder ,m=Trying to establish a protocol version 3 connection to localhost:5432            ,cf=org.postgresql.core.v3.ConnectionFactoryImpl 
18:46:05.863 ,ip=                 ,s=                                 ,x=                               ,l=DEBUG ,u=             ,c=ConnectionFactoryImpl          ,f=tryConnect           ,t=onnection adder ,m=Receive Buffer Size is 65,536                                                    ,cf=org.postgresql.core.v3.ConnectionFactoryImpl 
18:46:05.865 ,ip=                 ,s=                                 ,x=                               ,l=DEBUG ,u=             ,c=ConnectionFactoryImpl          ,f=tryConnect           ,t=onnection adder ,m=Send Buffer Size is 65,536                                                       ,cf=org.postgresql.core.v3.ConnectionFactoryImpl 
18:46:05.952 ,ip=                 ,s=                                 ,x=                               ,l=DEBUG ,u=             ,c=Driver                         ,f=connect              ,t=onnection adder ,m=Connecting with URL: jdbc:postgresql://localhost:5432/postgres                   ,cf=org.postgresql.Driver 
18:46:05.952 ,ip=                 ,s=                                 ,x=                               ,l=DEBUG ,u=             ,c=PgConnection                   ,f=<init>               ,t=onnection adder ,m=PostgreSQL JDBC Driver 42.3.7                                                    ,cf=org.postgresql.jdbc.PgConnection 
18:46:05.952 ,ip=                 ,s=                                 ,x=                               ,l=DEBUG ,u=             ,c=PgConnection                   ,f=setDefaultFetchSize  ,t=onnection adder ,m=  setDefaultFetchSize = 0                                                        ,cf=org.postgresql.jdbc.PgConnection 
18:46:05.952 ,ip=                 ,s=                                 ,x=                               ,l=DEBUG ,u=             ,c=PgConnection                   ,f=setPrepareThreshold  ,t=onnection adder ,m=  setPrepareThreshold = 5                                                        ,cf=org.postgresql.jdbc.PgConnection 
18:46:05.952 ,ip=                 ,s=                                 ,x=                               ,l=DEBUG ,u=             ,c=ConnectionFactoryImpl          ,f=openConnectionImpl   ,t=onnection adder ,m=Trying to establish a protocol version 3 connection to localhost:5432            ,cf=org.postgresql.core.v3.ConnectionFactoryImpl 
18:46:05.958 ,ip=                 ,s=                                 ,x=                               ,l=DEBUG ,u=             ,c=ConnectionFactoryImpl          ,f=tryConnect           ,t=onnection adder ,m=Receive Buffer Size is 65,536                                                    ,cf=org.postgresql.core.v3.ConnectionFactoryImpl 
18:46:05.961 ,ip=                 ,s=                                 ,x=                               ,l=DEBUG ,u=             ,c=ConnectionFactoryImpl          ,f=tryConnect           ,t=onnection adder ,m=Send Buffer Size is 65,536                                                       ,cf=org.postgresql.core.v3.ConnectionFactoryImpl 
18:46:13.611 ,ip=                 ,s=                                 ,x=                               ,l=DEBUG ,u=             ,c=WebConfiguration               ,f=corsFilter           ,t=main            ,m=Registering CORS filter                                                          ,cf=com.sang.nv.education.common.web.config.WebConfiguration 
18:46:14.133 ,ip=                 ,s=                                 ,x=                               ,l=DEBUG ,u=             ,c=InternalLoggerFactory          ,f=newDefaultFactory    ,t=main            ,m=Using SLF4J as the default logging framework                                     ,cf=io.micrometer.core.util.internal.logging.InternalLoggerFactory 
18:46:19.820 ,ip=                 ,s=                                 ,x=                               ,l=DEBUG ,u=             ,c=security                       ,f=log                  ,t=main            ,m=X509Certificate: Alg:SHA256withRSA, Serial:7c3ef428, Subject:CN=sang, OU=sang, O=sang, L=hanoi, ST=Unknown, C=Unknown, Issuer:CN=sang, OU=sang, O=sang, L=hanoi, ST=Unknown, C=Unknown, Key type:RSA, Length:2048, Cert Id:1274970526, Valid from:21:48, 11/01/2023, Valid until:21:48, 11/04/2023 ,cf=jdk.event.security 
18:46:21.988 ,ip=                 ,s=                                 ,x=                               ,l=DEBUG ,u=             ,c=Mappings                       ,f=detectHandlerMethods ,t=main            ,m=
	c.s.n.e.e.p.w.r.i.ExamResourceImpl:
	{GET [/api/exams]}: search(ExamSearchRequest)
	{POST [/api/exams]}: create(ExamCreateRequest)
	{POST [/api/exams/{id}/update]}: update(String,ExamUpdateRequest)
	{GET [/api/exams/{id}]}: getById(String)
	{GET [/api/exams/get-exam-by-room-id/{roomId}]}: getExamByRoomId(String,ExamSearchRequest) ,cf=_org.springframework.web.servlet.HandlerMapping.Mappings 
18:46:22.018 ,ip=                 ,s=                                 ,x=                               ,l=DEBUG ,u=             ,c=Mappings                       ,f=detectHandlerMethods ,t=main            ,m=
	c.s.n.e.e.p.w.r.i.GroupQuestionResourceImpl:
	{GET [/api/groupQuestions]}: search(BaseSearchRequest)
	{POST [/api/groupQuestions]}: create(GroupQuestionCreateOrUpdateRequest)
	{POST [/api/groupQuestions/{id}/update]}: update(String,GroupQuestionCreateOrUpdateRequest)
	{GET [/api/groupQuestions/{id}]}: getById(String)
	{POST [/api/groupQuestions/{id}/delete]}: delete(String) ,cf=_org.springframework.web.servlet.HandlerMapping.Mappings 
18:46:22.034 ,ip=                 ,s=                                 ,x=                               ,l=DEBUG ,u=             ,c=Mappings                       ,f=detectHandlerMethods ,t=main            ,m=
	c.s.n.e.e.p.w.r.i.PeriodResourceImpl:
	{GET [/api/periods]}: search(BaseSearchRequest)
	{POST [/api/periods]}: create(PeriodCreateOrUpdateRequest)
	{POST [/api/periods/{id}/update]}: update(String,PeriodCreateOrUpdateRequest)
	{GET [/api/periods/{id}]}: getById(String)
	{POST [/api/periods/{id}/delete]}: delete(String) ,cf=_org.springframework.web.servlet.HandlerMapping.Mappings 
18:46:22.050 ,ip=                 ,s=                                 ,x=                               ,l=DEBUG ,u=             ,c=Mappings                       ,f=detectHandlerMethods ,t=main            ,m=
	c.s.n.e.e.p.w.r.i.QuestionResourceImpl:
	{GET [/api/questions]}: search(QuestionSearchRequest)
	{POST [/api/questions]}: create(QuestionCreateRequest)
	{POST [/api/questions/{id}/update]}: update(String,QuestionUpdateRequest)
	{GET [/api/questions/{id}]}: getById(String)
	{GET [/api/questions/random-question-by-group]}: getRandomQuestionByGroup(GroupQuestionRandomRequest)
	{POST [/api/questions/{id}/delete]}: delete(String) ,cf=_org.springframework.web.servlet.HandlerMapping.Mappings 
18:46:22.062 ,ip=                 ,s=                                 ,x=                               ,l=DEBUG ,u=             ,c=Mappings                       ,f=detectHandlerMethods ,t=main            ,m=
	c.s.n.e.e.p.w.r.i.RoomResourceImpl:
	{GET [/api/rooms]}: search(RoomSearchRequest)
	{POST [/api/rooms]}: create(RoomCreateOrUpdateRequest)
	{POST [/api/rooms/{id}/update]}: update(String,RoomCreateOrUpdateRequest)
	{GET [/api/rooms/{id}]}: getById(String)
	{POST [/api/rooms/{id}/add-members]}: addMember(String,UpdateMemberInRoomRequest)
	{POST [/api/rooms/{id}/add-periods]}: addPeriod(String,UpdatePeriodInRoomRequest)
	{POST [/api/rooms/{id}/remove-periods]}: removePeriod(String,UpdatePeriodInRoomRequest)
	{GET [/api/rooms/{id}/users]}: getUserInRoom(String,UserRoomSearchRequest)
	{GET [/api/rooms/{id}/periods]}: getPeriodInRoom(String,PeriodRoomSearchRequest)
	{POST [/api/rooms/{id}/send-exam-to-user]}: sendExamToUser(String,UserExamCreateRequest)
	{GET [/api/rooms/my-room]}: getMyRoom(RoomSearchRequest) ,cf=_org.springframework.web.servlet.HandlerMapping.Mappings 
18:46:22.068 ,ip=                 ,s=                                 ,x=                               ,l=DEBUG ,u=             ,c=Mappings                       ,f=detectHandlerMethods ,t=main            ,m=
	c.s.n.e.e.p.w.r.i.SocketResourceImpl:
	                                        ,cf=_org.springframework.web.servlet.HandlerMapping.Mappings 
18:46:22.081 ,ip=                 ,s=                                 ,x=                               ,l=DEBUG ,u=             ,c=Mappings                       ,f=detectHandlerMethods ,t=main            ,m=
	c.s.n.e.e.p.w.r.i.SubjectResourceImpl:
	{GET [/api/subjects]}: search(BaseSearchRequest)
	{POST [/api/subjects]}: create(BaseCreateOrUpdateRequest)
	{POST [/api/subjects/{id}/update]}: update(String,BaseCreateOrUpdateRequest)
	{GET [/api/subjects/{id}]}: getById(String)
	{POST [/api/subjects/{id}/delete]}: delete(String) ,cf=_org.springframework.web.servlet.HandlerMapping.Mappings 
18:46:22.098 ,ip=                 ,s=                                 ,x=                               ,l=DEBUG ,u=             ,c=Mappings                       ,f=detectHandlerMethods ,t=main            ,m=
	c.s.n.e.e.p.w.r.i.UserExamResourceImpl:
	{POST [/api/user-exams/room/{roomId}/user-exams/{id}/test]}: sendTest(String,String,UserExamCreateRequest)
	{GET [/api/user-exams/{id}]}: getById(String)
	{GET [/api/user-exams/period/{periodId}/get-by-exam/{examId}]}: getByExamIdAndPeriodId(String,String)
	{GET [/api/user-exams/{roomId}/get-user-exam/{periodId}]}: searchByRoomAndPeriod(String,String,UserRoomSearchRequest)
	{GET [/api/user-exams/{roomId}/get-my-exam/{periodId}]}: getMyExamByRoomAndPeriod(String,String,UserRoomSearchRequest)
	{GET [/api/user-exams/{id}/testing]}: testingExam(String) ,cf=_org.springframework.web.servlet.HandlerMapping.Mappings 
18:46:22.121 ,ip=                 ,s=                                 ,x=                               ,l=DEBUG ,u=             ,c=Mappings                       ,f=detectHandlerMethods ,t=main            ,m=
	c.s.n.e.i.p.w.r.i.AccountResourceImpl:
	{GET [/api/me/profile]}: myProfile()
	{POST [/api/authenticate]}: authenticate(LoginRequest)
	{POST [/api/authenticate/client]}: authenticateClient(LoginRequest)
	{POST [/api/refresh-token]}: refreshToken(RefreshTokenRequest)
	{GET [/api/account]}: me()
	{GET [/api/me/authorities]}: myAuthorities()
	{POST [/api/logout]}: logout(LogoutRequest) ,cf=_org.springframework.web.servlet.HandlerMapping.Mappings 
18:46:22.133 ,ip=                 ,s=                                 ,x=                               ,l=DEBUG ,u=             ,c=Mappings                       ,f=detectHandlerMethods ,t=main            ,m=
	c.s.n.e.i.p.w.r.i.ClassesResourceImpl:
	{GET [/api/classes]}: search(ClassSearchRequest)
	{POST [/api/classes]}: create(ClassesCreateOrUpdateRequest)
	{POST [/api/classes/{id}/update]}: update(String,ClassesCreateOrUpdateRequest)
	{GET [/api/classes/{id}]}: getById(String)
	{GET [/api/find-by-department-id/{departmentId}]}: findByDepartmentId(String)
	{GET [/api/classes/auto-complete]}: autoComplete(BaseSearchRequest) ,cf=_org.springframework.web.servlet.HandlerMapping.Mappings 
18:46:22.148 ,ip=                 ,s=                                 ,x=                               ,l=DEBUG ,u=             ,c=Mappings                       ,f=detectHandlerMethods ,t=main            ,m=
	c.s.n.e.i.p.w.r.i.DepartmentResourceImpl:
	{GET [/api/departments]}: search(BaseSearchRequest)
	{POST [/api/departments]}: create(DepartmentCreateOrUpdateRequest)
	{POST [/api/departments/{id}/update]}: update(String,DepartmentCreateOrUpdateRequest)
	{POST [/api/departments/{id}]}: getById(String)
	{POST [/api/departments/auto-complete]}: autoComplete(BaseSearchRequest) ,cf=_org.springframework.web.servlet.HandlerMapping.Mappings 
18:46:22.153 ,ip=                 ,s=                                 ,x=                               ,l=DEBUG ,u=             ,c=Mappings                       ,f=detectHandlerMethods ,t=main            ,m=
	c.s.n.e.i.p.w.r.i.JwkSetResourceImpl:
	{GET [/api/certificate/.well-known/jwks.json]}: keys() ,cf=_org.springframework.web.servlet.HandlerMapping.Mappings 
18:46:22.161 ,ip=                 ,s=                                 ,x=                               ,l=DEBUG ,u=             ,c=Mappings                       ,f=detectHandlerMethods ,t=main            ,m=
	c.s.n.e.i.p.w.r.i.KeyResourceImpl:
	{GET [/api/keys]}: search(BaseSearchRequest)
	{POST [/api/keys]}: create(KeyCreateOrUpdateRequest)
	{POST [/api/keys/{id}/update]}: update(String,KeyCreateOrUpdateRequest)
	{GET [/api/keys/{id}]}: getById(String) ,cf=_org.springframework.web.servlet.HandlerMapping.Mappings 
18:46:22.176 ,ip=                 ,s=                                 ,x=                               ,l=DEBUG ,u=             ,c=Mappings                       ,f=detectHandlerMethods ,t=main            ,m=
	c.s.n.e.i.p.w.r.i.PermissionResourceImpl:
	{GET [/api/permissions]}: findAll()
	{POST [/api/permissions/{id}/update]}: update(String,PermissionUpdateRequest)
	{POST [/api/permissions/{id}/delete]}: delete(String) ,cf=_org.springframework.web.servlet.HandlerMapping.Mappings 
18:46:22.189 ,ip=                 ,s=                                 ,x=                               ,l=DEBUG ,u=             ,c=Mappings                       ,f=detectHandlerMethods ,t=main            ,m=
	c.s.n.e.i.p.w.r.i.RoleResourceImpl:
	{GET [/api/roles]}: search(RoleSearchRequest)
	{POST [/api/roles]}: create(RoleCreateOrUpdateRequest)
	{POST [/api/roles/{id}/update]}: update(String,RoleCreateOrUpdateRequest)
	{GET [/api/roles/{id}]}: findById(String)
	{POST [/api/roles/{id}/delete]}: delete(String)
	{POST [/api/roles/{id}/active]}: active(String)
	{POST [/api/roles/{id}/inactive]}: inactive(String)
	{POST [/api/roles/user-roles/find-by-role-ids]}: findALlByRoleIds(FindByIdsRequest) ,cf=_org.springframework.web.servlet.HandlerMapping.Mappings 
18:46:22.219 ,ip=                 ,s=                                 ,x=                               ,l=DEBUG ,u=             ,c=Mappings                       ,f=detectHandlerMethods ,t=main            ,m=
	c.s.n.e.i.p.w.r.i.UserResourceImpl:
	{POST [/api/users]}: create(UserCreateRequest)
	{POST [/api/users/{id}/update]}: update(String,UserUpdateRequest)
	{GET [/api/users/{id}]}: getUserById(String)
	{POST [/api/users/{id}/delete]}: delete(String)
	{GET [/api/users]}: search(UserSearchRequest)
	{POST [/api/users/{userId}/active]}: active(String)
	{POST [/api/users/{userId}/inactive]}: inactive(String)
	{POST [/api/users/{userId}/change-password]}: changePassword(String,ChangePasswordRequest)
	{GET [/api/users/auto-complete]}: autocomplete(UserSearchRequest)
	{GET [/api/users/{userId}/authorities]}: getAuthoritiesByUserId(String)
	{POST [/api/users/find-by-ids]}: findByIds(FindByIdsRequest)
	{GET [/api/users/exports]}: exportUsers(UserExportRequest,HttpServletResponse)
	{GET [/api/users/download-template]}: downloadTemplate(HttpServletResponse)
	{POST [/api/users/import]}: importUsers(MultipartFile,HttpServletResponse) ,cf=_org.springframework.web.servlet.HandlerMapping.Mappings 
18:46:22.229 ,ip=                 ,s=                                 ,x=                               ,l=DEBUG ,u=             ,c=Mappings                       ,f=detectHandlerMethods ,t=main            ,m=
	c.s.n.e.r.p.w.r.i.ReportResourceImpl:
	{GET [/api/report/general]}: generalReport(ReportGeneralRequest)
	{GET [/api/report/number-users]}: numberUserAndPeriodReport(NumberUserAndPeriodReportRequest)
	{GET [/api/report/user-exams]}: userExamReport(UserExamReportRequest) ,cf=_org.springframework.web.servlet.HandlerMapping.Mappings 
18:46:22.312 ,ip=                 ,s=                                 ,x=                               ,l=DEBUG ,u=             ,c=Mappings                       ,f=detectHandlerMethods ,t=main            ,m=
	c.s.n.e.s.w.i.StorageResourceImpl:
	{POST [/api/storages/upload]}: uploadFileBase(MultipartFile)
	{GET [/api/storages/find-by-id/{id}]}: findById(String)
	{GET [/api/storages/find-by-ids]}: findById(FindByIdsRequest)
	{GET [/api/storages/search]}: search(BaseSearchRequest)
	{POST [/api/storages/upload-multiple]}: uploadMultiple(List) ,cf=_org.springframework.web.servlet.HandlerMapping.Mappings 
18:46:22.318 ,ip=                 ,s=                                 ,x=                               ,l=DEBUG ,u=             ,c=Mappings                       ,f=detectHandlerMethods ,t=main            ,m=
	s.d.s.w.Swagger2ControllerWebMvc:
	{GET [/v2/api-docs], produces [application/json || application/hal+json]}: getDocumentation(String,HttpServletRequest) ,cf=_org.springframework.web.servlet.HandlerMapping.Mappings 
18:46:22.333 ,ip=                 ,s=                                 ,x=                               ,l=DEBUG ,u=             ,c=Mappings                       ,f=detectHandlerMethods ,t=main            ,m=
	s.d.s.w.ApiResourceController:
	{GET [/swagger-resources/configuration/security], produces [application/json]}: securityConfiguration()
	{GET [/swagger-resources/configuration/ui], produces [application/json]}: uiConfiguration()
	{GET [/swagger-resources], produces [application/json]}: swaggerResources() ,cf=_org.springframework.web.servlet.HandlerMapping.Mappings 
18:46:22.353 ,ip=                 ,s=                                 ,x=                               ,l=DEBUG ,u=             ,c=Mappings                       ,f=detectHandlerMethods ,t=main            ,m=
	s.d.o.w.OpenApiControllerWebMvc:
	{GET [/v3/api-docs], produces [application/json || application/hal+json]}: getDocumentation(String,HttpServletRequest) ,cf=_org.springframework.web.servlet.HandlerMapping.Mappings 
18:46:22.371 ,ip=                 ,s=                                 ,x=                               ,l=DEBUG ,u=             ,c=Mappings                       ,f=detectHandlerMethods ,t=main            ,m=
	o.s.b.a.w.s.e.BasicErrorController:
	{ [/error], produces [text/html]}: errorHtml(HttpServletRequest,HttpServletResponse)
	{ [/error]}: error(HttpServletRequest) ,cf=_org.springframework.web.servlet.HandlerMapping.Mappings 
18:46:23.550 ,ip=                 ,s=                                 ,x=                               ,l=WARN  ,u=             ,c=WebSecurity                    ,f=performBuild         ,t=main            ,m=You are asking Spring Security to ignore Ant [pattern='/**', OPTIONS]. This is not recommended -- please use permitAll via HttpSecurity#authorizeHttpRequests instead. ,cf=org.springframework.security.config.annotation.web.builders.WebSecurity 
18:46:23.561 ,ip=                 ,s=                                 ,x=                               ,l=WARN  ,u=             ,c=WebSecurity                    ,f=performBuild         ,t=main            ,m=You are asking Spring Security to ignore Ant [pattern='/js/*.{js,html}']. This is not recommended -- please use permitAll via HttpSecurity#authorizeHttpRequests instead. ,cf=org.springframework.security.config.annotation.web.builders.WebSecurity 
18:46:23.561 ,ip=                 ,s=                                 ,x=                               ,l=WARN  ,u=             ,c=WebSecurity                    ,f=performBuild         ,t=main            ,m=You are asking Spring Security to ignore Ant [pattern='/i18n/**']. This is not recommended -- please use permitAll via HttpSecurity#authorizeHttpRequests instead. ,cf=org.springframework.security.config.annotation.web.builders.WebSecurity 
18:46:23.569 ,ip=                 ,s=                                 ,x=                               ,l=WARN  ,u=             ,c=WebSecurity                    ,f=performBuild         ,t=main            ,m=You are asking Spring Security to ignore Ant [pattern='/content/**']. This is not recommended -- please use permitAll via HttpSecurity#authorizeHttpRequests instead. ,cf=org.springframework.security.config.annotation.web.builders.WebSecurity 
18:46:23.569 ,ip=                 ,s=                                 ,x=                               ,l=WARN  ,u=             ,c=WebSecurity                    ,f=performBuild         ,t=main            ,m=You are asking Spring Security to ignore Ant [pattern='/api/public/**', GET]. This is not recommended -- please use permitAll via HttpSecurity#authorizeHttpRequests instead. ,cf=org.springframework.security.config.annotation.web.builders.WebSecurity 
18:46:23.573 ,ip=                 ,s=                                 ,x=                               ,l=WARN  ,u=             ,c=WebSecurity                    ,f=performBuild         ,t=main            ,m=You are asking Spring Security to ignore Ant [pattern='/api/public/**', POST]. This is not recommended -- please use permitAll via HttpSecurity#authorizeHttpRequests instead. ,cf=org.springframework.security.config.annotation.web.builders.WebSecurity 
18:46:23.575 ,ip=                 ,s=                                 ,x=                               ,l=WARN  ,u=             ,c=WebSecurity                    ,f=performBuild         ,t=main            ,m=You are asking Spring Security to ignore Ant [pattern='/swagger-ui/index.html']. This is not recommended -- please use permitAll via HttpSecurity#authorizeHttpRequests instead. ,cf=org.springframework.security.config.annotation.web.builders.WebSecurity 
18:46:24.579 ,ip=                 ,s=                                 ,x=                               ,l=DEBUG ,u=             ,c=Mappings                       ,f=logMappings          ,t=main            ,m='stompWebSocketHandlerMapping' {/socket/**=org.springframework.web.socket.sockjs.support.SockJsHttpRequestHandler@41c505e5} ,cf=_org.springframework.web.servlet.HandlerMapping.Mappings 
18:46:25.779 ,ip=                 ,s=                                 ,x=                               ,l=DEBUG ,u=             ,c=Mappings                       ,f=logMappings          ,t=main            ,m='viewControllerHandlerMapping' {/swagger-ui/=ParameterizableViewController [view="forward:/swagger-ui/index.html"]} ,cf=_org.springframework.web.servlet.HandlerMapping.Mappings 
18:46:25.810 ,ip=                 ,s=                                 ,x=                               ,l=DEBUG ,u=             ,c=Mappings                       ,f=detectHandlers       ,t=main            ,m='beanNameHandlerMapping' {}                                                      ,cf=_org.springframework.web.servlet.HandlerMapping.Mappings 
18:46:25.868 ,ip=                 ,s=                                 ,x=                               ,l=DEBUG ,u=             ,c=Mappings                       ,f=logMappings          ,t=main            ,m='resourceHandlerMapping' {/webjars/**=ResourceHttpRequestHandler [classpath [META-INF/resources/webjars/]], /**=ResourceHttpRequestHandler [classpath [META-INF/resources/], classpath [resources/], classpath [static/], classpath [public/], ServletContext [/]], /swagger-ui/**=ResourceHttpRequestHandler [classpath [META-INF/resources/webjars/springfox-swagger-ui/]]} ,cf=_org.springframework.web.servlet.HandlerMapping.Mappings 
18:46:28.290 ,ip=                 ,s=                                 ,x=                               ,l=DEBUG ,u=             ,c=Validator                      ,f=lambda$logProblems$1 ,t=main            ,m=ERROR [ModelSpecification.spec] At least one type of specification is required   ,cf=Validator 
18:46:28.329 ,ip=                 ,s=                                 ,x=                               ,l=DEBUG ,u=             ,c=Validator                      ,f=lambda$logProblems$1 ,t=main            ,m=ERROR [ModelSpecification.spec] At least one type of specification is required   ,cf=Validator 
18:46:28.348 ,ip=                 ,s=                                 ,x=                               ,l=DEBUG ,u=             ,c=Validator                      ,f=lambda$logProblems$1 ,t=main            ,m=ERROR [ModelSpecification.spec] At least one type of specification is required   ,cf=Validator 
18:46:28.673 ,ip=                 ,s=                                 ,x=                               ,l=DEBUG ,u=             ,c=Validator                      ,f=lambda$logProblems$1 ,t=main            ,m=ERROR [ModelSpecification.spec] At least one type of specification is required   ,cf=Validator 
18:46:28.902 ,ip=                 ,s=                                 ,x=                               ,l=DEBUG ,u=             ,c=Validator                      ,f=lambda$logProblems$1 ,t=main            ,m=ERROR [ModelSpecification.spec] At least one type of specification is required   ,cf=Validator 
18:46:28.962 ,ip=                 ,s=                                 ,x=                               ,l=DEBUG ,u=             ,c=Validator                      ,f=lambda$logProblems$1 ,t=main            ,m=ERROR [ModelSpecification.spec] At least one type of specification is required   ,cf=Validator 
18:46:29.104 ,ip=                 ,s=                                 ,x=                               ,l=DEBUG ,u=             ,c=Validator                      ,f=lambda$logProblems$1 ,t=main            ,m=ERROR [ModelSpecification.spec] At least one type of specification is required   ,cf=Validator 
18:46:29.133 ,ip=                 ,s=                                 ,x=                               ,l=DEBUG ,u=             ,c=Validator                      ,f=lambda$logProblems$1 ,t=main            ,m=ERROR [ModelSpecification.spec] At least one type of specification is required   ,cf=Validator 
18:46:29.429 ,ip=                 ,s=                                 ,x=                               ,l=DEBUG ,u=             ,c=Validator                      ,f=lambda$logProblems$1 ,t=main            ,m=ERROR [ModelSpecification.spec] At least one type of specification is required   ,cf=Validator 
18:46:29.519 ,ip=                 ,s=                                 ,x=                               ,l=DEBUG ,u=             ,c=Validator                      ,f=lambda$logProblems$1 ,t=main            ,m=ERROR [ModelSpecification.spec] At least one type of specification is required   ,cf=Validator 
18:46:29.795 ,ip=                 ,s=                                 ,x=                               ,l=DEBUG ,u=             ,c=Validator                      ,f=lambda$logProblems$1 ,t=main            ,m=ERROR [ModelSpecification.spec] At least one type of specification is required   ,cf=Validator 
18:46:29.838 ,ip=                 ,s=                                 ,x=                               ,l=DEBUG ,u=             ,c=Validator                      ,f=lambda$logProblems$1 ,t=main            ,m=ERROR [ModelSpecification.spec] At least one type of specification is required   ,cf=Validator 
18:46:30.083 ,ip=                 ,s=                                 ,x=                               ,l=DEBUG ,u=             ,c=Validator                      ,f=lambda$logProblems$1 ,t=main            ,m=ERROR [ModelSpecification.spec] At least one type of specification is required   ,cf=Validator 
18:46:30.113 ,ip=                 ,s=                                 ,x=                               ,l=DEBUG ,u=             ,c=Validator                      ,f=lambda$logProblems$1 ,t=main            ,m=ERROR [ModelSpecification.spec] At least one type of specification is required   ,cf=Validator 
18:46:30.251 ,ip=                 ,s=                                 ,x=                               ,l=DEBUG ,u=             ,c=Validator                      ,f=lambda$logProblems$1 ,t=main            ,m=ERROR [ModelSpecification.spec] At least one type of specification is required   ,cf=Validator 
18:46:30.315 ,ip=                 ,s=                                 ,x=                               ,l=DEBUG ,u=             ,c=Validator                      ,f=lambda$logProblems$1 ,t=main            ,m=ERROR [ModelSpecification.spec] At least one type of specification is required   ,cf=Validator 
18:46:30.595 ,ip=                 ,s=                                 ,x=                               ,l=DEBUG ,u=             ,c=Validator                      ,f=lambda$logProblems$1 ,t=main            ,m=ERROR [ModelSpecification.spec] At least one type of specification is required   ,cf=Validator 
18:46:30.864 ,ip=                 ,s=                                 ,x=                               ,l=DEBUG ,u=             ,c=Validator                      ,f=lambda$logProblems$1 ,t=main            ,m=ERROR [ModelSpecification.spec] At least one type of specification is required   ,cf=Validator 
18:46:30.991 ,ip=                 ,s=                                 ,x=                               ,l=DEBUG ,u=             ,c=Validator                      ,f=lambda$logProblems$1 ,t=main            ,m=ERROR [ModelSpecification.spec] At least one type of specification is required   ,cf=Validator 
18:46:31.528 ,ip=                 ,s=                                 ,x=                               ,l=DEBUG ,u=             ,c=Validator                      ,f=lambda$logProblems$1 ,t=main            ,m=ERROR [ModelSpecification.spec] At least one type of specification is required   ,cf=Validator 
18:46:31.584 ,ip=                 ,s=                                 ,x=                               ,l=DEBUG ,u=             ,c=Validator                      ,f=lambda$logProblems$1 ,t=main            ,m=ERROR [ModelSpecification.spec] At least one type of specification is required   ,cf=Validator 
18:46:31.644 ,ip=                 ,s=                                 ,x=                               ,l=DEBUG ,u=             ,c=Validator                      ,f=lambda$logProblems$1 ,t=main            ,m=ERROR [ModelSpecification.spec] At least one type of specification is required   ,cf=Validator 
18:46:32.114 ,ip=                 ,s=                                 ,x=                               ,l=DEBUG ,u=             ,c=Validator                      ,f=lambda$logProblems$1 ,t=main            ,m=ERROR [ModelSpecification.spec] At least one type of specification is required   ,cf=Validator 
18:46:32.184 ,ip=                 ,s=                                 ,x=                               ,l=DEBUG ,u=             ,c=Validator                      ,f=lambda$logProblems$1 ,t=main            ,m=ERROR [ModelSpecification.spec] At least one type of specification is required   ,cf=Validator 
18:46:32.241 ,ip=                 ,s=                                 ,x=                               ,l=DEBUG ,u=             ,c=Validator                      ,f=lambda$logProblems$1 ,t=main            ,m=ERROR [ModelSpecification.spec] At least one type of specification is required   ,cf=Validator 
18:46:32.369 ,ip=                 ,s=                                 ,x=                               ,l=DEBUG ,u=             ,c=Validator                      ,f=lambda$logProblems$1 ,t=main            ,m=ERROR [ModelSpecification.spec] At least one type of specification is required   ,cf=Validator 
18:46:32.389 ,ip=                 ,s=                                 ,x=                               ,l=DEBUG ,u=             ,c=Validator                      ,f=lambda$logProblems$1 ,t=main            ,m=ERROR [ModelSpecification.spec] At least one type of specification is required   ,cf=Validator 
18:46:32.419 ,ip=                 ,s=                                 ,x=                               ,l=DEBUG ,u=             ,c=Validator                      ,f=lambda$logProblems$1 ,t=main            ,m=ERROR [ModelSpecification.spec] At least one type of specification is required   ,cf=Validator 
18:46:32.784 ,ip=                 ,s=                                 ,x=                               ,l=DEBUG ,u=             ,c=Validator                      ,f=lambda$logProblems$1 ,t=main            ,m=ERROR [ModelSpecification.spec] At least one type of specification is required   ,cf=Validator 
18:46:32.884 ,ip=                 ,s=                                 ,x=                               ,l=DEBUG ,u=             ,c=Validator                      ,f=lambda$logProblems$1 ,t=main            ,m=ERROR [ModelSpecification.spec] At least one type of specification is required   ,cf=Validator 
18:46:33.241 ,ip=                 ,s=                                 ,x=                               ,l=DEBUG ,u=             ,c=Validator                      ,f=lambda$logProblems$1 ,t=main            ,m=ERROR [ModelSpecification.spec] At least one type of specification is required   ,cf=Validator 
18:46:33.773 ,ip=                 ,s=                                 ,x=                               ,l=DEBUG ,u=             ,c=Validator                      ,f=lambda$logProblems$1 ,t=main            ,m=ERROR [ModelSpecification.spec] At least one type of specification is required   ,cf=Validator 
18:46:33.815 ,ip=                 ,s=                                 ,x=                               ,l=DEBUG ,u=             ,c=Validator                      ,f=lambda$logProblems$1 ,t=main            ,m=ERROR [ModelSpecification.spec] At least one type of specification is required   ,cf=Validator 
18:46:33.868 ,ip=                 ,s=                                 ,x=                               ,l=DEBUG ,u=             ,c=Validator                      ,f=lambda$logProblems$1 ,t=main            ,m=ERROR [ModelSpecification.spec] At least one type of specification is required   ,cf=Validator 
18:46:33.918 ,ip=                 ,s=                                 ,x=                               ,l=DEBUG ,u=             ,c=Validator                      ,f=lambda$logProblems$1 ,t=main            ,m=ERROR [ModelSpecification.spec] At least one type of specification is required   ,cf=Validator 
18:46:34.118 ,ip=                 ,s=                                 ,x=                               ,l=INFO  ,u=             ,c=EducationApplicationTests      ,f=logStarted           ,t=main            ,m=Started EducationApplicationTests in 51.117 seconds (JVM running for 56.22)      ,cf=com.sang.nv.education.EducationApplicationTests 
18:46:34.343 ,ip=                 ,s=                                 ,x=                               ,l=DEBUG ,u=             ,c=PgConnection                   ,f=setAutoCommit        ,t=main            ,m=  setAutoCommit = false                                                          ,cf=org.postgresql.jdbc.PgConnection 
18:46:34.725 ,ip=                 ,s=                                 ,x=                               ,l=DEBUG ,u=             ,c=PgConnection                   ,f=setAutoCommit        ,t=main            ,m=  setAutoCommit = true                                                           ,cf=org.postgresql.jdbc.PgConnection 
